#
# There is insufficient memory for the Java Runtime Environment to continue.
# Native memory allocation (mmap) failed to map 2031616 bytes for G1 virtual space
# Possible reasons:
#   The system is out of physical RAM or swap space
#   The process is running with CompressedOops enabled, and the Java Heap may be blocking the growth of the native heap
# Possible solutions:
#   Reduce memory load on the system
#   Increase physical memory or swap space
#   Check if swap backing store is full
#   Decrease Java heap size (-Xmx/-Xms)
#   Decrease number of Java threads
#   Decrease Java thread stack sizes (-Xss)
#   Set larger code cache with -XX:ReservedCodeCacheSize=
#   JVM is running with Unscaled Compressed Oops mode in which the Java heap is
#     placed in the first 4GB address space. The Java Heap base address is the
#     maximum limit for the native heap growth. Please use -XX:HeapBaseMinAddress
#     to set the Java Heap base and to place the Java Heap above 4GB virtual address.
# This output file may be truncated or incomplete.
#
#  Out of Memory Error (./open/src/hotspot/os/windows/os_windows.cpp:3321), pid=12860, tid=13392
#
# JRE version:  (15.0.2+7) (build )
# Java VM: OpenJDK 64-Bit Server VM (15.0.2+7-27, mixed mode, sharing, tiered, compressed oops, g1 gc, windows-amd64)
# No core dump will be written. Minidumps are not enabled by default on client versions of Windows
#

---------------  S U M M A R Y ------------

Command Line: -Dfile.encoding=Cp1252 -XX:+ShowCodeDetailsInExceptionMessages common.Assignment1

Host: Intel(R) Core(TM) i5-5300U CPU @ 2.30GHz, 4 cores, 7G,  Windows 10 , 64 bit Build 18362 (10.0.18362.1350)
Time: Tue May 18 21:43:33 2021 India Standard Time elapsed time: 0.026145 seconds (0d 0h 0m 0s)

---------------  T H R E A D  ---------------

Current thread (0x0000021fadbbe3e0):  JavaThread "Unknown thread" [_thread_in_vm, id=13392, stack(0x00000031bec00000,0x00000031bed00000)]

Stack: [0x00000031bec00000,0x00000031bed00000]
Native frames: (J=compiled Java code, j=interpreted, Vv=VM code, C=native code)
V  [jvm.dll+0x62ae9a]
V  [jvm.dll+0x7817a9]
V  [jvm.dll+0x782f03]
V  [jvm.dll+0x783563]
V  [jvm.dll+0x216325]
V  [jvm.dll+0x6281d9]
V  [jvm.dll+0x61cf55]
V  [jvm.dll+0x2cffdd]
V  [jvm.dll+0x2cfe42]
V  [jvm.dll+0x2d5e1c]
V  [jvm.dll+0x325933]
V  [jvm.dll+0x324fd4]
V  [jvm.dll+0x2a6f5a]
V  [jvm.dll+0x2a80f8]
V  [jvm.dll+0x75e241]
V  [jvm.dll+0x3341c4]
V  [jvm.dll+0x73e926]
V  [jvm.dll+0x3b7557]
V  [jvm.dll+0x3b8fe1]
C  [jli.dll+0x52fb]
C  [ucrtbase.dll+0x210b2]
C  [KERNEL32.DLL+0x17c24]
C  [ntdll.dll+0x6d721]


---------------  P R O C E S S  ---------------

Threads class SMR info:
_java_thread_list=0x00007ff84a394ff0, length=0, elements={
}

Java Threads: ( => current thread )

Other Threads:
  0x0000021fadbfbe90 GCTaskThread "GC Thread#0" [stack: 0x00000031bed00000,0x00000031bee00000] [id=13912]
  0x0000021fadc0de60 ConcurrentGCThread "G1 Main Marker" [stack: 0x00000031bee00000,0x00000031bef00000] [id=12328]
  0x0000021fadc0f970 ConcurrentGCThread "G1 Conc#0" [stack: 0x00000031bef00000,0x00000031bf000000] [id=8568]

[error occurred during error reporting (printing all threads), id 0xc0000005, EXCEPTION_ACCESS_VIOLATION (0xc0000005) at pc=0x00007ff849b87e27]

VM state: not at safepoint (not fully initialized)

VM Mutex/Monitor currently owned by a thread:  ([mutex/lock_event])
[0x0000021fadbb8410] Heap_lock - owner thread: 0x0000021fadbbe3e0

Heap address: 0x0000000084a00000, size: 1974 MB, Compressed Oops mode: 32-bit
CDS archive(s) mapped at: [0x0000000000000000-0x0000000000000000-0x0000000000000000), size 0, SharedBaseAddress: 0x0000000800000000, ArchiveRelocationMode: 0.
Narrow klass base: 0x0000000000000000, Narrow klass shift: 0, Narrow klass range: 0x0

Heap:
 garbage-first heap   total 126976K, used 0K [0x0000000084a00000, 0x0000000100000000)
  region size 1024K, 0 young (0K), 0 survivors (0K)
 Metaspace       used 0K, capacity 0K, committed 0K, reserved 0K
  class space    used 0K, capacity 0K, committed 0K, reserved 0K

Heap Regions: E=young(eden), S=young(survivor), O=old, HS=humongous(starts), HC=humongous(continues), CS=collection set, F=free, OA=open archive, CA=closed archive, TAMS=top-at-mark-start (previous, next)

Card table byte_map: [0x0000021fc09a0000,0x0000021fc0d80000] _byte_map_base: 0x0000021fc057b000

Marking Bits (Prev, Next): (CMBitMap*) 0x0000021fadbfc610, (CMBitMap*) 0x0000021fadbfc650
 Prev Bits: [0x0000021fc1160000, 0x0000021fc3038000)
 Next Bits: [0x0000021fc3040000, 0x0000021fc4f18000)

GC Heap History (0 events):
No events

Deoptimization events (0 events):
No events

Classes unloaded (0 events):
No events

Classes redefined (0 events):
No events

Internal exceptions (0 events):
No events

Events (1 events):
Event: 0.014 Loaded shared library D:\IT Softweres\eclipse\plugins\org.eclipse.justj.openjdk.hotspot.jre.full.win32.x86_64_15.0.2.v20210201-0955\jre\bin\java.dll


Dynamic libraries:
0x00007ff701b20000 - 0x00007ff701b2d000 	D:\IT Softweres\eclipse\plugins\org.eclipse.justj.openjdk.hotspot.jre.full.win32.x86_64_15.0.2.v20210201-0955\jre\bin\javaw.exe
0x00007ff87e9e0000 - 0x00007ff87ebd0000 	C:\Windows\SYSTEM32\ntdll.dll
0x00007ff87e240000 - 0x00007ff87e2f2000 	C:\Windows\System32\KERNEL32.DLL
0x00007ff87bec0000 - 0x00007ff87c165000 	C:\Windows\System32\KERNELBASE.dll
0x00007ff87bd60000 - 0x00007ff87be5a000 	C:\Windows\System32\ucrtbase.dll
0x00007ff84ab20000 - 0x00007ff84ab39000 	D:\IT Softweres\eclipse\plugins\org.eclipse.justj.openjdk.hotspot.jre.full.win32.x86_64_15.0.2.v20210201-0955\jre\bin\VCRUNTIME140.dll
0x00007ff86f140000 - 0x00007ff86f158000 	D:\IT Softweres\eclipse\plugins\org.eclipse.justj.openjdk.hotspot.jre.full.win32.x86_64_15.0.2.v20210201-0955\jre\bin\jli.dll
0x00007ff87e0a0000 - 0x00007ff87e234000 	C:\Windows\System32\USER32.dll
0x00007ff87ba10000 - 0x00007ff87ba31000 	C:\Windows\System32\win32u.dll
0x00007ff87e3d0000 - 0x00007ff87e3f6000 	C:\Windows\System32\GDI32.dll
0x00007ff86e490000 - 0x00007ff86e714000 	C:\Windows\WinSxS\amd64_microsoft.windows.common-controls_6595b64144ccf1df_6.0.18362.1440_none_9e7dbfb9e45e8e67\COMCTL32.dll
0x00007ff87c170000 - 0x00007ff87c308000 	C:\Windows\System32\gdi32full.dll
0x00007ff87ba40000 - 0x00007ff87bade000 	C:\Windows\System32\msvcp_win.dll
0x00007ff87cbf0000 - 0x00007ff87cc8e000 	C:\Windows\System32\msvcrt.dll
0x00007ff87e460000 - 0x00007ff87e796000 	C:\Windows\System32\combase.dll
0x00007ff87e7a0000 - 0x00007ff87e8bf000 	C:\Windows\System32\RPCRT4.dll
0x00007ff87b980000 - 0x00007ff87ba01000 	C:\Windows\System32\bcryptPrimitives.dll
0x00007ff87e970000 - 0x00007ff87e99e000 	C:\Windows\System32\IMM32.DLL
0x00007ff8778a0000 - 0x00007ff8778ac000 	D:\IT Softweres\eclipse\plugins\org.eclipse.justj.openjdk.hotspot.jre.full.win32.x86_64_15.0.2.v20210201-0955\jre\bin\vcruntime140_1.dll
0x00007ff847580000 - 0x00007ff847611000 	D:\IT Softweres\eclipse\plugins\org.eclipse.justj.openjdk.hotspot.jre.full.win32.x86_64_15.0.2.v20210201-0955\jre\bin\msvcp140.dll
0x00007ff8498d0000 - 0x00007ff84a42e000 	D:\IT Softweres\eclipse\plugins\org.eclipse.justj.openjdk.hotspot.jre.full.win32.x86_64_15.0.2.v20210201-0955\jre\bin\server\jvm.dll
0x00007ff87d050000 - 0x00007ff87d0f3000 	C:\Windows\System32\ADVAPI32.dll
0x00007ff87cd50000 - 0x00007ff87cde7000 	C:\Windows\System32\sechost.dll
0x00007ff87d100000 - 0x00007ff87d108000 	C:\Windows\System32\PSAPI.DLL
0x00007ff865ee0000 - 0x00007ff865ee9000 	C:\Windows\SYSTEM32\WSOCK32.dll
0x00007ff877ff0000 - 0x00007ff878014000 	C:\Windows\SYSTEM32\WINMM.dll
0x00007ff87d120000 - 0x00007ff87d18f000 	C:\Windows\System32\WS2_32.dll
0x00007ff8744e0000 - 0x00007ff8744ea000 	C:\Windows\SYSTEM32\VERSION.dll
0x00007ff877fc0000 - 0x00007ff877fed000 	C:\Windows\SYSTEM32\WINMMBASE.dll
0x00007ff87bae0000 - 0x00007ff87bb2a000 	C:\Windows\System32\cfgmgr32.dll
0x00007ff87b910000 - 0x00007ff87b921000 	C:\Windows\System32\kernel.appcore.dll
0x00007ff877100000 - 0x00007ff87710a000 	D:\IT Softweres\eclipse\plugins\org.eclipse.justj.openjdk.hotspot.jre.full.win32.x86_64_15.0.2.v20210201-0955\jre\bin\jimage.dll
0x00007ff8689c0000 - 0x00007ff868bb4000 	C:\Windows\SYSTEM32\DBGHELP.DLL
0x00007ff868990000 - 0x00007ff8689ba000 	C:\Windows\SYSTEM32\dbgcore.DLL
0x00007ff8684f0000 - 0x00007ff868515000 	D:\IT Softweres\eclipse\plugins\org.eclipse.justj.openjdk.hotspot.jre.full.win32.x86_64_15.0.2.v20210201-0955\jre\bin\java.dll

dbghelp: loaded successfully - version: 4.0.5 - missing functions: none
symbol engine: initialized successfully - sym options: 0x614 - pdb path: .;D:\IT Softweres\eclipse\plugins\org.eclipse.justj.openjdk.hotspot.jre.full.win32.x86_64_15.0.2.v20210201-0955\jre\bin;C:\Windows\SYSTEM32;C:\Windows\WinSxS\amd64_microsoft.windows.common-controls_6595b64144ccf1df_6.0.18362.1440_none_9e7dbfb9e45e8e67;D:\IT Softweres\eclipse\plugins\org.eclipse.justj.openjdk.hotspot.jre.full.win32.x86_64_15.0.2.v20210201-0955\jre\bin\server

VM Arguments:
jvm_args: -Dfile.encoding=Cp1252 -XX:+ShowCodeDetailsInExceptionMessages 
java_command: common.Assignment1
java_class_path (initial): D:\Eclipse\test\target\test-classes;D:\Eclipse\test\target\classes;D:\IT Softweres\eclipse\plugins\org.testng_7.4.0.r202105021533.jar;D:\IT Softweres\eclipse\plugins\com.beust.jcommander_1.78.0.jar;D:\IT Softweres\eclipse\plugins\org.apache-extras.beanshell.bsh_2.0.0.b6.jar;D:\IT Softweres\eclipse\plugins\org.yaml.snakeyaml_1.21.0.jar;C:\Users\Swapnil\.m2\repository\org\seleniumhq\selenium\selenium-java\4.0.0-alpha-5\selenium-java-4.0.0-alpha-5.jar;C:\Users\Swapnil\.m2\repository\org\seleniumhq\selenium\selenium-api\4.0.0-alpha-5\selenium-api-4.0.0-alpha-5.jar;C:\Users\Swapnil\.m2\repository\org\seleniumhq\selenium\selenium-chrome-driver\4.0.0-alpha-5\selenium-chrome-driver-4.0.0-alpha-5.jar;C:\Users\Swapnil\.m2\repository\com\google\auto\service\auto-service-annotations\1.0-rc6\auto-service-annotations-1.0-rc6.jar;C:\Users\Swapnil\.m2\repository\com\google\auto\service\auto-service\1.0-rc6\auto-service-1.0-rc6.jar;C:\Users\Swapnil\.m2\repository\com\google\auto\auto-common\0.10\auto-common-0.10.jar;C:\Users\Swapnil\.m2\repository\com\google\guava\guava\28.2-jre\guava-28.2-jre.jar;C:\Users\Swapnil\.m2\repository\com\google\guava\failureaccess\1.0.1\failureaccess-1.0.1.jar;C:\Users\Swapnil\.m2\repository\com\google\guava\listenablefuture\9999.0-empty-to-avoid-conflict-with-guava\listenablefuture-9999.0-empty-to-avoid-conflict-with-guava.jar;C:\Users\Swapnil\.m2\repository\com\google\code\findbugs\jsr305\3.0.2\jsr305-3.0.2.jar;C:\Users\Swapnil\.m2\repository\org\checkerframework\checker-qual\2.10.0\checker-qual-2.10.0.jar;C:\Users\Swapnil\.m2\repository\com\google\errorprone\error_prone_annotations\2.3.4\error_prone_annotations-2.3.4.jar;C:\Users\Swapnil\.m2\repository\com\google\j2objc\j2objc-annotations\1.3\j2objc-annotations-1.3.jar;C:\Users\Swapnil\.m2\repository\org\seleniumhq\selenium\selenium-chromium-driver\4.0.0-alpha-5\selenium-chromium-driver-4.0.0-alpha-5.jar;C:\Users\Swapnil\.m2\repository\org\seleniumhq\selenium\selenium-devt
Launcher Type: SUN_STANDARD

[Global flags]
     intx CICompilerCount                          = 3                                         {product} {ergonomic}
     uint ConcGCThreads                            = 1                                         {product} {ergonomic}
     uint G1ConcRefinementThreads                  = 4                                         {product} {ergonomic}
   size_t G1HeapRegionSize                         = 1048576                                   {product} {ergonomic}
    uintx GCDrainStackTargetSize                   = 64                                        {product} {ergonomic}
   size_t InitialHeapSize                          = 130023424                                 {product} {ergonomic}
   size_t MarkStackSize                            = 4194304                                   {product} {ergonomic}
   size_t MaxHeapSize                              = 2069889024                                {product} {ergonomic}
   size_t MinHeapDeltaBytes                        = 1048576                                   {product} {ergonomic}
   size_t MinHeapSize                              = 8388608                                   {product} {ergonomic}
    uintx NonNMethodCodeHeapSize                   = 5832780                                {pd product} {ergonomic}
    uintx NonProfiledCodeHeapSize                  = 122912730                              {pd product} {ergonomic}
    uintx ProfiledCodeHeapSize                     = 122912730                              {pd product} {ergonomic}
    uintx ReservedCodeCacheSize                    = 251658240                              {pd product} {ergonomic}
     bool SegmentedCodeCache                       = true                                      {product} {ergonomic}
     bool ShowCodeDetailsInExceptionMessages       = true                                   {manageable} {command line}
   size_t SoftMaxHeapSize                          = 2069889024                             {manageable} {ergonomic}
     bool UseCompressedClassPointers               = true                                 {lp64_product} {ergonomic}
     bool UseCompressedOops                        = true                                 {lp64_product} {ergonomic}
     bool UseG1GC                                  = true                                      {product} {ergonomic}
     bool UseLargePagesIndividualAllocation        = false                                  {pd product} {ergonomic}

Logging:
Log output configuration:
 #0: stdout all=warning uptime,level,tags
 #1: stderr all=off uptime,level,tags

Environment Variables:
JAVA_HOME=C:\Program Files\Java\jdk1.7.0_79
PATH=D:/IT Softweres/eclipse//plugins/org.eclipse.justj.openjdk.hotspot.jre.full.win32.x86_64_15.0.2.v20210201-0955/jre/bin/server;D:/IT Softweres/eclipse//plugins/org.eclipse.justj.openjdk.hotspot.jre.full.win32.x86_64_15.0.2.v20210201-0955/jre/bin;C:\Program Files (x86)\Common Files\Oracle\Java\javapath;C:\Windows\system32;C:\Windows;C:\Windows\System32\Wbem;C:\Windows\System32\WindowsPowerShell\v1.0\;C:\Windows\System32\OpenSSH\;C:\Program Files\TortoiseSVN\bin;C:\Program Files\Java\jdk1.7.0_79\bin;C:\Maven\apache-maven-3.8.1\bin;C:\Users\Swapnil\AppData\Local\Microsoft\WindowsApps;;D:\IT Softweres\eclipse;
USERNAME=Swapnil
OS=Windows_NT
PROCESSOR_IDENTIFIER=Intel64 Family 6 Model 61 Stepping 4, GenuineIntel



---------------  S Y S T E M  ---------------

OS:
 Windows 10 , 64 bit Build 18362 (10.0.18362.1350)
OS uptime: 0 days 5:48 hours

CPU: total 4 (initial active 4) (2 cores per cpu, 2 threads per core) family 6 model 61 stepping 4 microcode 0x2f, cmov, cx8, fxsr, mmx, sse, sse2, sse3, ssse3, sse4.1, sse4.2, popcnt, vzeroupper, avx, avx2, aes, clmul, erms, rtm, 3dnowpref, lzcnt, ht, tsc, tscinvbit, bmi1, bmi2, adx, fma, clflush

Memory: 4k page, system-wide physical 7888M (2159M free)
TotalPageFile size 10024M (AvailPageFile size 5M)
current process WorkingSet (physical memory assigned to process): 10M, peak: 10M
current process commit charge ("private bytes"): 178M, peak: 180M

vm_info: OpenJDK 64-Bit Server VM (15.0.2+7-27) for windows-amd64 JRE (15.0.2+7-27), built on Dec  7 2020 20:02:38 by "mach5one" with unknown MS VC++:1925

END.
